<?xml version="1.0" encoding="UTF-8"?>
<!-- Generated by org.testng.reporters.JUnitXMLReporter -->
<testsuite ignored="3" hostname="DESKTOP-NV17DNE" failures="0" tests="1" name="Default test" time="8.862" errors="0" timestamp="2024-06-10T14:47:49 AST">
  <testcase classname="Tests.RegisterTc" name="CheckValidationOnNID" time="8.856"/>
  <testcase classname="Tests.RegisterTc" name="OpenClientReigsterPage" time="0.0">
    <ignored/>
  </testcase> <!-- OpenClientReigsterPage -->
  <testcase classname="Tests.RegisterTc" name="test" time="0.0">
    <ignored/>
  </testcase> <!-- test -->
  <testcase classname="Tests.RegisterTc" name="OpenMerchantReigsterPage" time="0.0">
    <ignored/>
  </testcase> <!-- OpenMerchantReigsterPage -->
</testsuite> <!-- Default test -->
