<?xml version="1.0" encoding="UTF-8"?>
<testng-results ignored="3" total="4" passed="1" failed="0" skipped="0">
  <reporter-output>
  </reporter-output>
  <suite started-at="2024-06-10T14:47:40 AST" name="Default suite" finished-at="2024-06-10T14:47:49 AST" duration-ms="8862">
    <groups>
    </groups>
    <test started-at="2024-06-10T14:47:40 AST" name="Default test" finished-at="2024-06-10T14:47:49 AST" duration-ms="8862">
      <class name="Tests.RegisterTc">
        <test-method is-config="true" signature="StartDriver()[pri:0, instance:Tests.RegisterTc@7e7be63f]" started-at="2024-06-10T14:47:34 AST" name="StartDriver" finished-at="2024-06-10T14:47:40 AST" duration-ms="5963" status="PASS">
          <reporter-output>
          </reporter-output>
        </test-method> <!-- StartDriver -->
        <test-method is-config="true" signature="setUp()[pri:0, instance:Tests.RegisterTc@7e7be63f]" started-at="2024-06-10T14:47:40 AST" name="setUp" finished-at="2024-06-10T14:47:40 AST" duration-ms="0" status="PASS">
          <reporter-output>
          </reporter-output>
        </test-method> <!-- setUp -->
        <test-method signature="CheckValidationOnNID()[pri:0, instance:Tests.RegisterTc@7e7be63f]" started-at="2024-06-10T14:47:40 AST" name="CheckValidationOnNID" finished-at="2024-06-10T14:47:49 AST" duration-ms="8856" status="PASS">
          <reporter-output>
          </reporter-output>
        </test-method> <!-- CheckValidationOnNID -->
      </class> <!-- Tests.RegisterTc -->
    </test> <!-- Default test -->
  </suite> <!-- Default suite -->
</testng-results>
